<?xml version="1.0" encoding="UTF-8"?>
<!-- Generated by org.testng.reporters.JUnitReportReporter -->
<testsuite hostname="LAPTOP-P94LANIR" failures="0" tests="1" name="com.Demoworkshop.testScripts.AddToCartTest" time="69.108" errors="0" timestamp="2024-02-21T11:20:21 IST" skipped="0">
  <testcase classname="com.Demoworkshop.testScripts.AddToCartTest" name="TC_addProduct_003" time="69.108"/>
  <system-out/>
</testsuite> <!-- com.Demoworkshop.testScripts.AddToCartTest -->
