<?xml version="1.0" encoding="UTF-8"?>
<!-- Generated by org.testng.reporters.JUnitReportReporter -->
<testsuite hostname="LAPTOP-P94LANIR" failures="0" tests="1" name="com.Demoworkshop.testScripts.RegisterTest" time="11.153" errors="0" timestamp="2024-02-22T11:44:59 IST" skipped="0">
  <testcase classname="com.Demoworkshop.testScripts.RegisterTest" name="TC_Register_002" time="11.153"/>
  <system-out/>
</testsuite> <!-- com.Demoworkshop.testScripts.RegisterTest -->
