<?xml version="1.0" encoding="UTF-8"?>
<!-- Generated by org.testng.reporters.JUnitReportReporter -->
<testsuite hostname="LAPTOP-P94LANIR" failures="0" tests="2" name="com.Demoworkshop.testScripts.LoginTest" time="22.902" errors="0" timestamp="2024-02-22T12:25:27 IST" skipped="0">
  <testcase classname="com.Demoworkshop.testScripts.LoginTest" name="loginDataProvider" time="6.640"/>
  <system-out/>
  <testcase classname="com.Demoworkshop.testScripts.LoginTest" name="TC_Login_001" time="16.262"/>
  <system-out/>
</testsuite> <!-- com.Demoworkshop.testScripts.LoginTest -->
